<?xml version="1.0" encoding="UTF-8"?>
<!-- Generated by org.testng.reporters.JUnitXMLReporter -->
<testsuite ignored="0" hostname="DESKTOP-BIPJ7KQ" failures="0" tests="2" name="Default test" time="0.109" errors="0" timestamp="2023-03-01T20:17:10 IST">
  <testcase classname="organizationTest.CreateOrgTest" name="tc_215_CreateOrgWithMandatoryFieldsTest" time="0.016"/>
  <testcase classname="organizationTest.CreateOrgTest" name="tc_216_CreateOrgWithIndustryTest" time="0.001"/>
</testsuite> <!-- Default test -->
