<?xml version="1.0" encoding="UTF-8"?>
<testng-results ignored="0" total="1" passed="1" failed="0" skipped="0">
  <reporter-output>
  </reporter-output>
  <suite started-at="2022-12-17T13:26:05 IST" name="Default suite" finished-at="2022-12-17T13:26:05 IST" duration-ms="64">
    <groups>
    </groups>
    <test started-at="2022-12-17T13:26:05 IST" name="Default test" finished-at="2022-12-17T13:26:05 IST" duration-ms="64">
      <class name="demo.Sample">
        <test-method signature="sampleTest()[pri:0, instance:demo.Sample@5939a379]" started-at="2022-12-17T13:26:05 IST" name="sampleTest" finished-at="2022-12-17T13:26:05 IST" duration-ms="11" status="PASS">
          <reporter-output>
          </reporter-output>
        </test-method> <!-- sampleTest -->
      </class> <!-- demo.Sample -->
    </test> <!-- Default test -->
  </suite> <!-- Default suite -->
</testng-results>
